.next/types/validator.ts(78,39): error TS2307: Cannot find module '../../src/app/dashboard/settings/page.js' or its corresponding type declarations.
.next/types/validator.ts(87,39): error TS2307: Cannot find module '../../src/app/dashboard/simulation/page.js' or its corresponding type declarations.
